Starting Fusic servers locally (without Docker)...
Requirement already satisfied: fastapi>=0.111.0 in /home/zagot/Fusic/.venv/lib/python3.14/site-packages (from -r requirements.txt (line 1)) (0.136.1)
Requirement already satisfied: uvicorn>=0.29.0 in /home/zagot/Fusic/.venv/lib/python3.14/site-packages (from uvicorn[standard]>=0.29.0->-r requirements.txt (line 2)) (0.46.0)
Requirement already satisfied: yt-dlp>=2024.4.9 in /home/zagot/Fusic/.venv/lib/python3.14/site-packages (from -r requirements.txt (line 3)) (2026.3.17)
Requirement already satisfied: curl-cffi>=0.7.0 in /home/zagot/Fusic/.venv/lib/python3.14/site-packages (from -r requirements.txt (line 4)) (0.15.0)
Requirement already satisfied: httpx>=0.27.0 in /home/zagot/Fusic/.venv/lib/python3.14/site-packages (from -r requirements.txt (line 5)) (0.28.1)
Requirement already satisfied: python-dotenv>=1.0.0 in /home/zagot/Fusic/.venv/lib/python3.14/site-packages (from -r requirements.txt (line 6)) (1.2.2)
Requirement already satisfied: starlette>=0.46.0 in /home/zagot/Fusic/.venv/lib/python3.14/site-packages (from fastapi>=0.111.0->-r requirements.txt (line 1)) (1.0.0)
Requirement already satisfied: pydantic>=2.9.0 in /home/zagot/Fusic/.venv/lib/python3.14/site-packages (from fastapi>=0.111.0->-r requirements.txt (line 1)) (2.13.3)
Requirement already satisfied: typing-extensions>=4.8.0 in /home/zagot/Fusic/.venv/lib/python3.14/site-packages (from fastapi>=0.111.0->-r requirements.txt (line 1)) (4.15.0)
Requirement already satisfied: typing-inspection>=0.4.2 in /home/zagot/Fusic/.venv/lib/python3.14/site-packages (from fastapi>=0.111.0->-r requirements.txt (line 1)) (0.4.2)
Requirement already satisfied: annotated-doc>=0.0.2 in /home/zagot/Fusic/.venv/lib/python3.14/site-packages (from fastapi>=0.111.0->-r requirements.txt (line 1)) (0.0.4)
Requirement already satisfied: click>=7.0 in /home/zagot/Fusic/.venv/lib/python3.14/site-packages (from uvicorn>=0.29.0->uvicorn[standard]>=0.29.0->-r requirements.txt (line 2)) (8.3.3)
Requirement already satisfied: h11>=0.8 in /home/zagot/Fusic/.venv/lib/python3.14/site-packages (from uvicorn>=0.29.0->uvicorn[standard]>=0.29.0->-r requirements.txt (line 2)) (0.16.0)
Requirement already satisfied: cffi>=2.0.0 in /home/zagot/Fusic/.venv/lib/python3.14/site-packages (from curl-cffi>=0.7.0->-r requirements.txt (line 4)) (2.0.0)
Requirement already satisfied: certifi>=2024.2.2 in /home/zagot/Fusic/.venv/lib/python3.14/site-packages (from curl-cffi>=0.7.0->-r requirements.txt (line 4)) (2026.4.22)
Requirement already satisfied: rich in /home/zagot/Fusic/.venv/lib/python3.14/site-packages (from curl-cffi>=0.7.0->-r requirements.txt (line 4)) (15.0.0)
Requirement already satisfied: anyio in /home/zagot/Fusic/.venv/lib/python3.14/site-packages (from httpx>=0.27.0->-r requirements.txt (line 5)) (4.13.0)
Requirement already satisfied: httpcore==1.* in /home/zagot/Fusic/.venv/lib/python3.14/site-packages (from httpx>=0.27.0->-r requirements.txt (line 5)) (1.0.9)
Requirement already satisfied: idna in /home/zagot/Fusic/.venv/lib/python3.14/site-packages (from httpx>=0.27.0->-r requirements.txt (line 5)) (3.13)
Requirement already satisfied: pycparser in /home/zagot/Fusic/.venv/lib/python3.14/site-packages (from cffi>=2.0.0->curl-cffi>=0.7.0->-r requirements.txt (line 4)) (3.0)
Requirement already satisfied: annotated-types>=0.6.0 in /home/zagot/Fusic/.venv/lib/python3.14/site-packages (from pydantic>=2.9.0->fastapi>=0.111.0->-r requirements.txt (line 1)) (0.7.0)
Requirement already satisfied: pydantic-core==2.46.3 in /home/zagot/Fusic/.venv/lib/python3.14/site-packages (from pydantic>=2.9.0->fastapi>=0.111.0->-r requirements.txt (line 1)) (2.46.3)
Requirement already satisfied: httptools>=0.6.3 in /home/zagot/Fusic/.venv/lib/python3.14/site-packages (from uvicorn[standard]>=0.29.0->-r requirements.txt (line 2)) (0.7.1)
Requirement already satisfied: pyyaml>=5.1 in /home/zagot/Fusic/.venv/lib/python3.14/site-packages (from uvicorn[standard]>=0.29.0->-r requirements.txt (line 2)) (6.0.3)
Requirement already satisfied: uvloop>=0.15.1 in /home/zagot/Fusic/.venv/lib/python3.14/site-packages (from uvicorn[standard]>=0.29.0->-r requirements.txt (line 2)) (0.22.1)
Requirement already satisfied: watchfiles>=0.20 in /home/zagot/Fusic/.venv/lib/python3.14/site-packages (from uvicorn[standard]>=0.29.0->-r requirements.txt (line 2)) (1.1.1)
Requirement already satisfied: websockets>=10.4 in /home/zagot/Fusic/.venv/lib/python3.14/site-packages (from uvicorn[standard]>=0.29.0->-r requirements.txt (line 2)) (16.0)
Requirement already satisfied: markdown-it-py>=2.2.0 in /home/zagot/Fusic/.venv/lib/python3.14/site-packages (from rich->curl-cffi>=0.7.0->-r requirements.txt (line 4)) (4.0.0)
Requirement already satisfied: pygments<3.0.0,>=2.13.0 in /home/zagot/Fusic/.venv/lib/python3.14/site-packages (from rich->curl-cffi>=0.7.0->-r requirements.txt (line 4)) (2.20.0)
Requirement already satisfied: mdurl~=0.1 in /home/zagot/Fusic/.venv/lib/python3.14/site-packages (from markdown-it-py>=2.2.0->rich->curl-cffi>=0.7.0->-r requirements.txt (line 4)) (0.1.2)
Requirement already satisfied: fastapi>=0.111.0 in /home/zagot/Fusic/.venv/lib/python3.14/site-packages (from -r requirements.txt (line 1)) (0.136.1)
Requirement already satisfied: uvicorn>=0.29.0 in /home/zagot/Fusic/.venv/lib/python3.14/site-packages (from uvicorn[standard]>=0.29.0->-r requirements.txt (line 2)) (0.46.0)
Requirement already satisfied: ytmusicapi>=1.7.0 in /home/zagot/Fusic/.venv/lib/python3.14/site-packages (from -r requirements.txt (line 3)) (1.11.5)
Requirement already satisfied: python-dotenv>=1.0.0 in /home/zagot/Fusic/.venv/lib/python3.14/site-packages (from -r requirements.txt (line 4)) (1.2.2)
Requirement already satisfied: starlette>=0.46.0 in /home/zagot/Fusic/.venv/lib/python3.14/site-packages (from fastapi>=0.111.0->-r requirements.txt (line 1)) (1.0.0)
Requirement already satisfied: pydantic>=2.9.0 in /home/zagot/Fusic/.venv/lib/python3.14/site-packages (from fastapi>=0.111.0->-r requirements.txt (line 1)) (2.13.3)
Requirement already satisfied: typing-extensions>=4.8.0 in /home/zagot/Fusic/.venv/lib/python3.14/site-packages (from fastapi>=0.111.0->-r requirements.txt (line 1)) (4.15.0)
Requirement already satisfied: typing-inspection>=0.4.2 in /home/zagot/Fusic/.venv/lib/python3.14/site-packages (from fastapi>=0.111.0->-r requirements.txt (line 1)) (0.4.2)
Requirement already satisfied: annotated-doc>=0.0.2 in /home/zagot/Fusic/.venv/lib/python3.14/site-packages (from fastapi>=0.111.0->-r requirements.txt (line 1)) (0.0.4)
Requirement already satisfied: click>=7.0 in /home/zagot/Fusic/.venv/lib/python3.14/site-packages (from uvicorn>=0.29.0->uvicorn[standard]>=0.29.0->-r requirements.txt (line 2)) (8.3.3)
Requirement already satisfied: h11>=0.8 in /home/zagot/Fusic/.venv/lib/python3.14/site-packages (from uvicorn>=0.29.0->uvicorn[standard]>=0.29.0->-r requirements.txt (line 2)) (0.16.0)
Requirement already satisfied: requests>=2.22 in /home/zagot/Fusic/.venv/lib/python3.14/site-packages (from ytmusicapi>=1.7.0->-r requirements.txt (line 3)) (2.33.1)
Requirement already satisfied: annotated-types>=0.6.0 in /home/zagot/Fusic/.venv/lib/python3.14/site-packages (from pydantic>=2.9.0->fastapi>=0.111.0->-r requirements.txt (line 1)) (0.7.0)
Requirement already satisfied: pydantic-core==2.46.3 in /home/zagot/Fusic/.venv/lib/python3.14/site-packages (from pydantic>=2.9.0->fastapi>=0.111.0->-r requirements.txt (line 1)) (2.46.3)
Requirement already satisfied: charset_normalizer<4,>=2 in /home/zagot/Fusic/.venv/lib/python3.14/site-packages (from requests>=2.22->ytmusicapi>=1.7.0->-r requirements.txt (line 3)) (3.4.7)
Requirement already satisfied: idna<4,>=2.5 in /home/zagot/Fusic/.venv/lib/python3.14/site-packages (from requests>=2.22->ytmusicapi>=1.7.0->-r requirements.txt (line 3)) (3.13)
Requirement already satisfied: urllib3<3,>=1.26 in /home/zagot/Fusic/.venv/lib/python3.14/site-packages (from requests>=2.22->ytmusicapi>=1.7.0->-r requirements.txt (line 3)) (2.6.3)
Requirement already satisfied: certifi>=2023.5.7 in /home/zagot/Fusic/.venv/lib/python3.14/site-packages (from requests>=2.22->ytmusicapi>=1.7.0->-r requirements.txt (line 3)) (2026.4.22)
Requirement already satisfied: anyio<5,>=3.6.2 in /home/zagot/Fusic/.venv/lib/python3.14/site-packages (from starlette>=0.46.0->fastapi>=0.111.0->-r requirements.txt (line 1)) (4.13.0)
Requirement already satisfied: httptools>=0.6.3 in /home/zagot/Fusic/.venv/lib/python3.14/site-packages (from uvicorn[standard]>=0.29.0->-r requirements.txt (line 2)) (0.7.1)
Requirement already satisfied: pyyaml>=5.1 in /home/zagot/Fusic/.venv/lib/python3.14/site-packages (from uvicorn[standard]>=0.29.0->-r requirements.txt (line 2)) (6.0.3)
Requirement already satisfied: uvloop>=0.15.1 in /home/zagot/Fusic/.venv/lib/python3.14/site-packages (from uvicorn[standard]>=0.29.0->-r requirements.txt (line 2)) (0.22.1)
Requirement already satisfied: watchfiles>=0.20 in /home/zagot/Fusic/.venv/lib/python3.14/site-packages (from uvicorn[standard]>=0.29.0->-r requirements.txt (line 2)) (1.1.1)
Requirement already satisfied: websockets>=10.4 in /home/zagot/Fusic/.venv/lib/python3.14/site-packages (from uvicorn[standard]>=0.29.0->-r requirements.txt (line 2)) (16.0)
===============================================
Servers are running.
Frontend: http://localhost:8000
API:      http://localhost:8002
Proxy:    http://localhost:8001
Press Ctrl+C to stop all servers.
===============================================
INFO:     Started server process [43076]
INFO:     Waiting for application startup.
INFO:     Application startup complete.
INFO:     Uvicorn running on http://0.0.0.0:8001 (Press CTRL+C to quit)
ERROR:ytmusic:Failed to load oauth.json: Invalid auth JSON string or file path provided.
ERROR:ytmusic:Failed to load headers_auth.json: Invalid auth JSON string or file path provided.
INFO:ytmusic:Initializing ytmusicapi unauthenticated
INFO:     Started server process [43091]
INFO:     Waiting for application startup.
INFO:     Application startup complete.
INFO:     Uvicorn running on http://0.0.0.0:8002 (Press CTRL+C to quit)
INFO:     127.0.0.1:57958 - "GET /health HTTP/1.1" 200 OK
